[0.998s] Traceback (most recent call last):
  File "/usr/lib/python3/dist-packages/colcon_parallel_executor/executor/parallel.py", line 67, in execute
    loop.run_until_complete(future)
  File "/usr/lib/python3.10/asyncio/base_events.py", line 633, in run_until_complete
    self.run_forever()
  File "/usr/lib/python3.10/asyncio/base_events.py", line 600, in run_forever
    self._run_once()
  File "/usr/lib/python3.10/asyncio/base_events.py", line 1860, in _run_once
    event_list = self._selector.select(timeout)
  File "/usr/lib/python3.10/selectors.py", line 469, in select
    fd_event_list = self._selector.poll(timeout, max_ev)
KeyboardInterrupt

During handling of the above exception, another exception occurred:

Traceback (most recent call last):
  File "/usr/lib/python3/dist-packages/colcon_core/executor/__init__.py", line 91, in __call__
    rc = await self.task(*args, **kwargs)
  File "/usr/lib/python3/dist-packages/colcon_core/task/__init__.py", line 93, in __call__
    return await task_method(*args, **kwargs)
  File "/usr/lib/python3/dist-packages/colcon_ros/task/ament_python/build.py", line 105, in build
    return await extension.build(additional_hooks=additional_hooks)
  File "/usr/lib/python3/dist-packages/colcon_core/task/python/build.py", line 81, in build
    available_commands = await self._get_available_commands(
  File "/usr/lib/python3/dist-packages/colcon_core/task/python/build.py", line 171, in _get_available_commands
    output = await check_output(
  File "/usr/lib/python3/dist-packages/colcon_core/subprocess.py", line 128, in check_output
    assert not rc, f'Expected {args} to pass: {stderr_data}'
AssertionError: Expected ['/usr/bin/python3', 'setup.py', '--help-commands'] to pass: Traceback (most recent call last):
  File "/home/klyx/git/p4/software_and_automation_frameworks_p4/mini_ws/src/tcp_server_xml/setup.py", line 5, in <module>
    setup(
  File "/home/klyx/.local/lib/python3.10/site-packages/setuptools/__init__.py", line 153, in setup
    return distutils.core.setup(**attrs)
  File "/usr/lib/python3.10/distutils/core.py", line 134, in setup
    ok = dist.parse_command_line()
  File "/usr/lib/python3.10/distutils/dist.py", line 480, in parse_command_line
    if self.handle_display_options(option_order):
  File "/home/klyx/.local/lib/python3.10/site-packages/setuptools/dist.py", line 1123, in handle_display_options
    return _Distribution.handle_display_options(self, option_order)
  File "/usr/lib/python3.10/distutils/dist.py", line 683, in handle_display_options
    self.print_commands()
  File "/home/klyx/.local/lib/python3.10/site-packages/setuptools/dist.py", line 899, in print_commands
    cmdclass = ep.resolve()
  File "/home/klyx/.local/lib/python3.10/site-packages/pkg_resources/__init__.py", line 2471, in resolve
    module = __import__(self.module_name, fromlist=['__name__'], level=0)
  File "/usr/lib/python3/dist-packages/nose/commands.py", line 89, in <module>
    class nosetests(Command):
  File "/usr/lib/python3/dist-packages/nose/commands.py", line 93, in nosetests
    __parser = __config.getParser()
  File "/usr/lib/python3/dist-packages/nose/config.py", line 590, in getParser
    self.plugins.loadPlugins()
  File "/usr/lib/python3/dist-packages/nose/plugins/manager.py", line 402, in loadPlugins
    super(EntryPointPluginManager, self).loadPlugins()
  File "/usr/lib/python3/dist-packages/nose/plugins/manager.py", line 412, in loadPlugins
    from nose.plugins import builtin
  File "/usr/lib/python3/dist-packages/nose/plugins/builtin.py", line 26, in <module>
    plugmod = __import__(module, globals(), locals(), [cls])
  File "/usr/lib/python3/dist-packages/nose/plugins/debug.py", line 7, in <module>
    import pdb
  File "/usr/lib/python3.10/pdb.py", line 77, in <module>
    import code
  File "<frozen importlib._bootstrap>", line 1027, in _find_and_load
  File "<frozen importlib._bootstrap>", line 1006, in _find_and_load_unlocked
  File "<frozen importlib._bootstrap>", line 688, in _load_unlocked
  File "<frozen importlib._bootstrap_external>", line 879, in exec_module
  File "<frozen importlib._bootstrap_external>", line 964, in get_code
  File "<frozen importlib._bootstrap_external>", line 448, in cache_from_source
  File "<frozen importlib._bootstrap_external>", line 128, in _path_join
  File "<frozen importlib._bootstrap_external>", line 128, in <listcomp>
KeyboardInterrupt

